<?xml version="1.0" encoding="UTF-8"?>
<!-- Generated by org.testng.reporters.JUnitXMLReporter -->
<testsuite hostname="VLM55WZBW1" ignored="0" name="Awani1" tests="3" failures="0" timestamp="29 Apr 2019 16:30:29 GMT" time="144.772" errors="0">
  <testcase name="galleryTitle" time="4.947" classname="com.ecoSystem.testCases.TC_GLTitle_C11907"/>
  <testcase name="galleyPublishDate" time="7.791" classname="com.ecoSystem.testCases.GalleryPagePublishDate"/>
  <testcase name="homeVideo" time="5.112" classname="com.ecoSystem.testCases.HomePageVideo"/>
</testsuite> <!-- Awani1 -->
