<?xml version="1.0" encoding="UTF-8"?>
<testng-results skipped="0" failed="0" ignored="0" total="3" passed="3">
  <reporter-output>
  </reporter-output>
  <suite name="Astro-awani" duration-ms="144772" started-at="2019-04-29T16:28:04Z" finished-at="2019-04-29T16:30:29Z">
    <groups>
    </groups>
    <test name="Awani1" duration-ms="144772" started-at="2019-04-29T16:28:04Z" finished-at="2019-04-29T16:30:29Z">
      <class name="com.ecoSystem.testCases.HomePageVideo">
        <test-method status="PASS" signature="setup(java.lang.String)[pri:0, instance:com.ecoSystem.testCases.HomePageVideo@a38d7a3]" name="setup" is-config="true" duration-ms="25582" started-at="2019-04-29T16:29:40Z" finished-at="2019-04-29T16:30:06Z">
          <params>
            <param index="0">
              <value>
                <![CDATA[firefox]]>
              </value>
            </param>
          </params>
          <reporter-output>
          </reporter-output>
        </test-method> <!-- setup -->
        <test-method status="PASS" signature="homeVideo()[pri:0, instance:com.ecoSystem.testCases.HomePageVideo@a38d7a3]" name="homeVideo" duration-ms="5112" started-at="2019-04-29T16:30:06Z" finished-at="2019-04-29T16:30:11Z">
          <reporter-output>
          </reporter-output>
        </test-method> <!-- homeVideo -->
        <test-method status="PASS" signature="quit()[pri:0, instance:com.ecoSystem.testCases.HomePageVideo@a38d7a3]" name="quit" is-config="true" duration-ms="18003" started-at="2019-04-29T16:30:11Z" finished-at="2019-04-29T16:30:29Z">
          <reporter-output>
          </reporter-output>
        </test-method> <!-- quit -->
      </class> <!-- com.ecoSystem.testCases.HomePageVideo -->
      <class name="com.ecoSystem.testCases.TC_GLTitle_C11907">
        <test-method status="PASS" signature="setup(java.lang.String)[pri:0, instance:com.ecoSystem.testCases.TC_GLTitle_C11907@77ec78b9]" name="setup" is-config="true" duration-ms="29323" started-at="2019-04-29T16:28:04Z" finished-at="2019-04-29T16:28:34Z">
          <params>
            <param index="0">
              <value>
                <![CDATA[firefox]]>
              </value>
            </param>
          </params>
          <reporter-output>
          </reporter-output>
        </test-method> <!-- setup -->
        <test-method status="PASS" signature="galleryTitle()[pri:0, instance:com.ecoSystem.testCases.TC_GLTitle_C11907@77ec78b9]" name="galleryTitle" duration-ms="4947" started-at="2019-04-29T16:28:34Z" finished-at="2019-04-29T16:28:39Z">
          <reporter-output>
          </reporter-output>
        </test-method> <!-- galleryTitle -->
        <test-method status="PASS" signature="quit()[pri:0, instance:com.ecoSystem.testCases.TC_GLTitle_C11907@77ec78b9]" name="quit" is-config="true" duration-ms="12722" started-at="2019-04-29T16:28:39Z" finished-at="2019-04-29T16:28:51Z">
          <reporter-output>
          </reporter-output>
        </test-method> <!-- quit -->
      </class> <!-- com.ecoSystem.testCases.TC_GLTitle_C11907 -->
      <class name="com.ecoSystem.testCases.GalleryPagePublishDate">
        <test-method status="PASS" signature="setup(java.lang.String)[pri:0, instance:com.ecoSystem.testCases.GalleryPagePublishDate@1a3869f4]" name="setup" is-config="true" duration-ms="25796" started-at="2019-04-29T16:28:51Z" finished-at="2019-04-29T16:29:17Z">
          <params>
            <param index="0">
              <value>
                <![CDATA[firefox]]>
              </value>
            </param>
          </params>
          <reporter-output>
          </reporter-output>
        </test-method> <!-- setup -->
        <test-method status="PASS" signature="galleyPublishDate()[pri:0, instance:com.ecoSystem.testCases.GalleryPagePublishDate@1a3869f4]" name="galleyPublishDate" duration-ms="7791" started-at="2019-04-29T16:29:17Z" finished-at="2019-04-29T16:29:25Z">
          <reporter-output>
          </reporter-output>
        </test-method> <!-- galleyPublishDate -->
        <test-method status="PASS" signature="quit()[pri:0, instance:com.ecoSystem.testCases.GalleryPagePublishDate@1a3869f4]" name="quit" is-config="true" duration-ms="14997" started-at="2019-04-29T16:29:25Z" finished-at="2019-04-29T16:29:40Z">
          <reporter-output>
          </reporter-output>
        </test-method> <!-- quit -->
      </class> <!-- com.ecoSystem.testCases.GalleryPagePublishDate -->
    </test> <!-- Awani1 -->
  </suite> <!-- Astro-awani -->
</testng-results>
