<?xml version="1.0" encoding="UTF-8"?>
<!-- Generated by org.testng.reporters.JUnitXMLReporter -->
<testsuite hostname="VLM55WZBW1" ignored="0" name="Awani1" tests="3" failures="0" timestamp="28 Apr 2019 14:35:09 GMT" time="147.886" errors="0">
  <testcase name="galleryTitle" time="8.174" classname="com.ecoSystem.testCases.TC_GLTitle_C11907"/>
  <testcase name="galleyPublishDate" time="14.165" classname="com.ecoSystem.testCases.GalleryPagePublishDate"/>
  <testcase name="homeVideo" time="18.854" classname="com.ecoSystem.testCases.HomePageVideo"/>
</testsuite> <!-- Awani1 -->
